<?xml version="1.0" encoding="UTF-8"?>
<testsuite name="edu.bsu.cs222.JSONReaderTest" tests="4" skipped="0" failures="0" errors="0" timestamp="2022-10-19T19:58:50" hostname="samsung-sm-g930v.dhcp.bsu.edu" time="0.061">
  <properties/>
  <testcase name="readPhoneNumber()" classname="edu.bsu.cs222.JSONReaderTest" time="0.051"/>
  <testcase name="readEmail()" classname="edu.bsu.cs222.JSONReaderTest" time="0.002"/>
  <testcase name="readName()" classname="edu.bsu.cs222.JSONReaderTest" time="0.002"/>
  <testcase name="readListOfClasses()" classname="edu.bsu.cs222.JSONReaderTest" time="0.002"/>
  <system-out><![CDATA[]]></system-out>
  <system-err><![CDATA[]]></system-err>
</testsuite>
